<?xml version="1.0" encoding="UTF-8"?>
<!-- Generated by org.testng.reporters.JUnitReportReporter -->
<testsuite hostname="Sankshata" failures="0" tests="2" name="AutomationLearning.SubmitOrderTest" time="29.821" errors="0" timestamp="2023-03-28T21:07:05 PDT" skipped="0">
  <testcase classname="AutomationLearning.SubmitOrderTest" name="submitOrder" time="15.720"/>
  <system-out/>
  <testcase classname="AutomationLearning.SubmitOrderTest" name="submitOrder" time="14.101"/>
  <system-out/>
</testsuite> <!-- AutomationLearning.SubmitOrderTest -->
