<?xml version="1.0" encoding="UTF-8"?>
<!-- Generated by org.testng.reporters.JUnitReportReporter -->
<testsuite hostname="Sankshata" failures="0" tests="3" name="AutomationLearning.SubmitOrderTest" time="52.141" errors="0" timestamp="2023-03-27T14:03:22 PDT" skipped="0">
  <testcase classname="AutomationLearning.SubmitOrderTest" name="orderHistoryTest" time="17.372"/>
  <system-out/>
  <testcase classname="AutomationLearning.SubmitOrderTest" name="submitOrder" time="17.536"/>
  <system-out/>
  <testcase classname="AutomationLearning.SubmitOrderTest" name="submitOrder" time="17.233"/>
  <system-out/>
</testsuite> <!-- AutomationLearning.SubmitOrderTest -->
